<?xml version="1.0" encoding="UTF-8"?>
<!-- Generated by org.testng.reporters.JUnitReportReporter -->
<testsuite hostname="APRADHAN" failures="0" tests="3" name="com.mystore.testcases.TC_MyAccountPageTest_DataDrivenTesting" time="6.373" errors="0" timestamp="2024-09-25T12:01:34 IST" skipped="1">
  <testcase classname="com.mystore.testcases.TC_MyAccountPageTest_DataDrivenTesting" name="verifyLogin" time="3.011"/>
  <testcase classname="com.mystore.testcases.TC_MyAccountPageTest_DataDrivenTesting" name="verifyLogin" time="3.362"/>
  <testcase classname="com.mystore.testcases.TC_MyAccountPageTest_DataDrivenTesting" name="VerifyRegistrationAndLogin">
    <skipped/>
  </testcase> <!-- VerifyRegistrationAndLogin -->
</testsuite> <!-- com.mystore.testcases.TC_MyAccountPageTest_DataDrivenTesting -->
