<?xml version="1.0" encoding="UTF-8"?>
<!-- Generated by org.testng.reporters.JUnitReportReporter -->
<testsuite hostname="APRADHAN" failures="0" tests="3" name="com.mystore.testcases.TC_MyAccountPageTest_DataDrivenTesting" time="6.641" errors="0" timestamp="2024-09-28T06:55:00 IST" skipped="1">
  <testcase classname="com.mystore.testcases.TC_MyAccountPageTest_DataDrivenTesting" name="verifyLogin" time="3.075"/>
  <testcase classname="com.mystore.testcases.TC_MyAccountPageTest_DataDrivenTesting" name="verifyLogin" time="3.566"/>
  <testcase classname="com.mystore.testcases.TC_MyAccountPageTest_DataDrivenTesting" name="VerifyRegistrationAndLogin">
    <skipped/>
  </testcase> <!-- VerifyRegistrationAndLogin -->
</testsuite> <!-- com.mystore.testcases.TC_MyAccountPageTest_DataDrivenTesting -->
